Using pre-set license
Built from '2022.3/staging' branch; Version is '2022.3.11f1 (d00248457e15) revision 13632072'; Using compiler version '192829333'; Build Type 'Release'
OS: 'Windows 10  (10.0.19045) 64bit Professional' Language: 'en' Physical Memory: 16241 MB
BatchMode: 1, IsHumanControllingUs: 0, StartBugReporterOnCrash: 0, Is64bit: 1, IsPro: 1

COMMAND LINE ARGUMENTS:
C:\Program Files\Unity\Hub\Editor\2022.3.11f1\Editor\Unity.exe
-adb2
-batchMode
-noUpm
-name
AssetImportWorker0
-projectPath
E:/UnityProject/MonsterSurvival
-logFile
Logs/AssetImportWorker0.log
-srvPort
52575
Successfully changed project path to: E:/UnityProject/MonsterSurvival
E:/UnityProject/MonsterSurvival
[UnityMemory] Configuration Parameters - Can be set up in boot.config
    "memorysetup-bucket-allocator-granularity=16"
    "memorysetup-bucket-allocator-bucket-count=8"
    "memorysetup-bucket-allocator-block-size=33554432"
    "memorysetup-bucket-allocator-block-count=8"
    "memorysetup-main-allocator-block-size=16777216"
    "memorysetup-thread-allocator-block-size=16777216"
    "memorysetup-gfx-main-allocator-block-size=16777216"
    "memorysetup-gfx-thread-allocator-block-size=16777216"
    "memorysetup-cache-allocator-block-size=4194304"
    "memorysetup-typetree-allocator-block-size=2097152"
    "memorysetup-profiler-bucket-allocator-granularity=16"
    "memorysetup-profiler-bucket-allocator-bucket-count=8"
    "memorysetup-profiler-bucket-allocator-block-size=33554432"
    "memorysetup-profiler-bucket-allocator-block-count=8"
    "memorysetup-profiler-allocator-block-size=16777216"
    "memorysetup-profiler-editor-allocator-block-size=1048576"
    "memorysetup-temp-allocator-size-main=16777216"
    "memorysetup-job-temp-allocator-block-size=2097152"
    "memorysetup-job-temp-allocator-block-size-background=1048576"
    "memorysetup-job-temp-allocator-reduction-small-platforms=262144"
    "memorysetup-allocator-temp-initial-block-size-main=262144"
    "memorysetup-allocator-temp-initial-block-size-worker=262144"
    "memorysetup-temp-allocator-size-background-worker=32768"
    "memorysetup-temp-allocator-size-job-worker=262144"
    "memorysetup-temp-allocator-size-preload-manager=33554432"
    "memorysetup-temp-allocator-size-nav-mesh-worker=65536"
    "memorysetup-temp-allocator-size-audio-worker=65536"
    "memorysetup-temp-allocator-size-cloud-worker=32768"
    "memorysetup-temp-allocator-size-gi-baking-worker=262144"
    "memorysetup-temp-allocator-size-gfx=262144"
Player connection [17728] Host "[IP] 192.168.1.20 [Port] 0 [Flags] 2 [Guid] 205547205 [EditorId] 205547205 [Version] 1048832 [Id] WindowsEditor(7,MrMinhVu) [Debug] 1 [PackageName] WindowsEditor [ProjectName] Editor" joined multi-casting on [225.0.0.222:54997]...

Player connection [17728] Host "[IP] 192.168.1.20 [Port] 0 [Flags] 2 [Guid] 205547205 [EditorId] 205547205 [Version] 1048832 [Id] WindowsEditor(7,MrMinhVu) [Debug] 1 [PackageName] WindowsEditor [ProjectName] Editor" joined alternative multi-casting on [225.0.0.222:34997]...

[Physics::Module] Initialized MultithreadedJobDispatcher with 15 workers.
Refreshing native plugins compatible for Editor in 6.34 ms, found 3 plugins.
Preloading 0 native plugins for Editor in 0.00 ms.
Initialize engine version: 2022.3.11f1 (d00248457e15)
[Subsystems] Discovering subsystems at path C:/Program Files/Unity/Hub/Editor/2022.3.11f1/Editor/Data/Resources/UnitySubsystems
[Subsystems] Discovering subsystems at path E:/UnityProject/MonsterSurvival/Assets
GfxDevice: creating device client; threaded=0; jobified=0
Direct3D:
    Version:  Direct3D 11.0 [level 11.1]
    Renderer: NVIDIA GeForce RTX 3070 (ID=0x2484)
    Vendor:   NVIDIA
    VRAM:     8018 MB
    Driver:   31.0.15.5176
Initialize mono
Mono path[0] = 'C:/Program Files/Unity/Hub/Editor/2022.3.11f1/Editor/Data/Managed'
Mono path[1] = 'C:/Program Files/Unity/Hub/Editor/2022.3.11f1/Editor/Data/MonoBleedingEdge/lib/mono/unityjit-win32'
Mono config path = 'C:/Program Files/Unity/Hub/Editor/2022.3.11f1/Editor/Data/MonoBleedingEdge/etc'
Using monoOptions --debugger-agent=transport=dt_socket,embedding=1,server=y,suspend=n,address=127.0.0.1:56048
Begin MonoManager ReloadAssembly
Registering precompiled unity dll's ...
Register platform support module: C:/Program Files/Unity/Hub/Editor/2022.3.11f1/Editor/Data/PlaybackEngines/WindowsStandaloneSupport/UnityEditor.WindowsStandalone.Extensions.dll
Registered in 0.008438 seconds.
- Loaded All Assemblies, in  0.463 seconds
Native extension for WindowsStandalone target not found
Mono: successfully reloaded assembly
- Finished resetting the current domain, in  0.359 seconds
Domain Reload Profiling: 821ms
	BeginReloadAssembly (146ms)
		ExecutionOrderSort (0ms)
		DisableScriptedObjects (0ms)
		BackupInstance (0ms)
		ReleaseScriptingObjects (0ms)
		CreateAndSetChildDomain (1ms)
	RebuildCommonClasses (45ms)
	RebuildNativeTypeToScriptingClass (14ms)
	initialDomainReloadingComplete (78ms)
	LoadAllAssembliesAndSetupDomain (178ms)
		LoadAssemblies (143ms)
		RebuildTransferFunctionScriptingTraits (0ms)
		AnalyzeDomain (176ms)
			TypeCache.Refresh (174ms)
				TypeCache.ScanAssembly (157ms)
			ScanForSourceGeneratedMonoScriptInfo (0ms)
			ResolveRequiredComponents (1ms)
	FinalizeReload (360ms)
		ReleaseScriptCaches (0ms)
		RebuildScriptCaches (0ms)
		SetupLoadedEditorAssemblies (274ms)
			LogAssemblyErrors (0ms)
			InitializePlatformSupportModulesInManaged (14ms)
			SetLoadedEditorAssemblies (13ms)
			RefreshPlugins (0ms)
			BeforeProcessingInitializeOnLoad (3ms)
			ProcessInitializeOnLoadAttributes (178ms)
			ProcessInitializeOnLoadMethodAttributes (66ms)
			AfterProcessingInitializeOnLoad (0ms)
			EditorAssembliesLoaded (0ms)
		ExecutionOrderSort2 (0ms)
		AwakeInstancesAfterBackupRestoration (0ms)
========================================================================
Worker process is ready to serve import requests
Begin MonoManager ReloadAssembly
- Loaded All Assemblies, in  0.892 seconds
Refreshing native plugins compatible for Editor in 2.78 ms, found 3 plugins.
Native extension for WindowsStandalone target not found
Package Manager log level set to [2]
[Package Manager] Server::EnsureServerProcessIsRunning -- launch failed, reason: Unity was launched with the -noUpm command-line argument
[Package Manager] UpmClient::Send -- Unable to send message (not connected to UPM process).
[Package Manager] Cannot connect to Unity Package Manager local server
Mono: successfully reloaded assembly
- Finished resetting the current domain, in  0.899 seconds
Domain Reload Profiling: 1789ms
	BeginReloadAssembly (333ms)
		ExecutionOrderSort (0ms)
		DisableScriptedObjects (8ms)
		BackupInstance (0ms)
		ReleaseScriptingObjects (0ms)
		CreateAndSetChildDomain (26ms)
	RebuildCommonClasses (42ms)
	RebuildNativeTypeToScriptingClass (14ms)
	initialDomainReloadingComplete (54ms)
	LoadAllAssembliesAndSetupDomain (446ms)
		LoadAssemblies (526ms)
		RebuildTransferFunctionScriptingTraits (0ms)
		AnalyzeDomain (167ms)
			TypeCache.Refresh (139ms)
				TypeCache.ScanAssembly (122ms)
			ScanForSourceGeneratedMonoScriptInfo (22ms)
			ResolveRequiredComponents (4ms)
	FinalizeReload (900ms)
		ReleaseScriptCaches (0ms)
		RebuildScriptCaches (0ms)
		SetupLoadedEditorAssemblies (673ms)
			LogAssemblyErrors (0ms)
			InitializePlatformSupportModulesInManaged (9ms)
			SetLoadedEditorAssemblies (8ms)
			RefreshPlugins (0ms)
			BeforeProcessingInitializeOnLoad (110ms)
			ProcessInitializeOnLoadAttributes (485ms)
			ProcessInitializeOnLoadMethodAttributes (53ms)
			AfterProcessingInitializeOnLoad (8ms)
			EditorAssembliesLoaded (0ms)
		ExecutionOrderSort2 (0ms)
		AwakeInstancesAfterBackupRestoration (9ms)
Launched and connected shader compiler UnityShaderCompiler.exe after 0.07 seconds
Refreshing native plugins compatible for Editor in 1.65 ms, found 3 plugins.
Preloading 0 native plugins for Editor in 0.00 ms.
Unloading 2411 Unused Serialized files (Serialized files now loaded: 0)
Unloading 53 unused Assets / (57.8 KB). Loaded Objects now: 2878.
Memory consumption went from 110.9 MB to 110.9 MB.
Total: 2.513700 ms (FindLiveObjects: 0.139600 ms CreateObjectMapping: 0.053900 ms MarkObjects: 2.212700 ms  DeleteObjects: 0.106700 ms)

AssetImportParameters requested are different than current active one (requested -> active):
  custom:video-decoder-webm-vp8: 9c59270c3fd7afecdb556c50c9e8de78 -> 
  custom:SearchIndexIgnoredProperties: e643bd26f0fe6173181afceb89e7c659 -> 
  custom:container-demuxer-ogg: 62fdf1f143b41e24485cea50d1cbac27 -> 
  custom:AudioImporter_EditorPlatform: d09bf68614088b80899f8185d706f6e7 -> 
  custom:video-decoder-ogg-theora: a1e56fd34408186e4bbccfd4996cb3dc -> 
  custom:framework-win-MediaFoundation: 216162199b28c13a410421893ffa2e32 -> 
  custom:video-encoder-webm-vp8: eb34c28f22e8b96e1ab97ce403110664 -> 
  custom:audio-decoder-ogg-vorbis: bf7c407c2cedff20999df2af8eb42d56 -> 
  custom:CustomObjectIndexerAttribute: 756ad292c208cfabdd7b50bc23989ffe -> 
  custom:container-demuxer-webm: 4f35f7cbe854078d1ac9338744f61a02 -> 
  custom:audio-encoder-webm-vorbis: bf7c407c2cedff20999df2af8eb42d56 -> 
  custom:container-muxer-webm: aa71ff27fc2769a1b78a27578f13a17b -> 
========================================================================
Received Import Request.
  Time since last request: 16209.868279 seconds.
  path: Assets/Sprites/superpowers-asset-packs-master/medieval-fantasy/items/emblem/3.png
  artifactKey: Guid(7aaa7888476a1814aafaebf0c85585a6) Importer(815301076,1909f56bfc062723c751e8b465ee728b)
Start importing Assets/Sprites/superpowers-asset-packs-master/medieval-fantasy/items/emblem/3.png using Guid(7aaa7888476a1814aafaebf0c85585a6) Importer(815301076,1909f56bfc062723c751e8b465ee728b)  -> (artifact id: '063837ac25bccdc1f0f558497ef4df24') in 0.108346 seconds
Number of updated asset objects reloaded before import = 0
Number of asset objects unloaded after import = 3
========================================================================
Received Import Request.
  Time since last request: 0.000044 seconds.
  path: Assets/Sprites/superpowers-asset-packs-master/medieval-fantasy/items/weapon/3.png
  artifactKey: Guid(40eaabe0d7f31f344ae855c4d4258259) Importer(815301076,1909f56bfc062723c751e8b465ee728b)
Start importing Assets/Sprites/superpowers-asset-packs-master/medieval-fantasy/items/weapon/3.png using Guid(40eaabe0d7f31f344ae855c4d4258259) Importer(815301076,1909f56bfc062723c751e8b465ee728b)  -> (artifact id: 'fe4101739a17e2d0b684184ea13b15f9') in 0.021880 seconds
Number of updated asset objects reloaded before import = 0
Number of asset objects unloaded after import = 3
========================================================================
Received Import Request.
  Time since last request: 0.000019 seconds.
  path: Assets/Sprites/superpowers-asset-packs-master/ninja-adventure/characters/faceset/12.png
  artifactKey: Guid(52d32aff9df67f844a93735945f3462c) Importer(815301076,1909f56bfc062723c751e8b465ee728b)
Start importing Assets/Sprites/superpowers-asset-packs-master/ninja-adventure/characters/faceset/12.png using Guid(52d32aff9df67f844a93735945f3462c) Importer(815301076,1909f56bfc062723c751e8b465ee728b)  -> (artifact id: '96ecd5477e54632b05b9f80255099efd') in 0.020705 seconds
Number of updated asset objects reloaded before import = 0
Number of asset objects unloaded after import = 3
========================================================================
Received Import Request.
  Time since last request: 0.000021 seconds.
  path: Assets/Sprites/superpowers-asset-packs-master/prehistoric-platformer/items/45.png
  artifactKey: Guid(06a5370917fdf7248bb995abbc425d14) Importer(815301076,1909f56bfc062723c751e8b465ee728b)
Start importing Assets/Sprites/superpowers-asset-packs-master/prehistoric-platformer/items/45.png using Guid(06a5370917fdf7248bb995abbc425d14) Importer(815301076,1909f56bfc062723c751e8b465ee728b)  -> (artifact id: '120690dac439a64f44dd835e21ed7218') in 0.021546 seconds
Number of updated asset objects reloaded before import = 0
Number of asset objects unloaded after import = 3
========================================================================
Received Import Request.
  Time since last request: 0.000021 seconds.
  path: Assets/Sprites/superpowers-asset-packs-master/ninja-adventure/items/food/yakitori.png
  artifactKey: Guid(dafe36736ea04cc428a495521e7b86f0) Importer(815301076,1909f56bfc062723c751e8b465ee728b)
Start importing Assets/Sprites/superpowers-asset-packs-master/ninja-adventure/items/food/yakitori.png using Guid(dafe36736ea04cc428a495521e7b86f0) Importer(815301076,1909f56bfc062723c751e8b465ee728b)  -> (artifact id: '8ebb9120bbd4031c0d03f93b76997f76') in 0.022877 seconds
Number of updated asset objects reloaded before import = 0
Number of asset objects unloaded after import = 3
========================================================================
Received Import Request.
  Time since last request: 0.000021 seconds.
  path: Assets/Sprites/superpowers-asset-packs-master/3d-warriors/bodies/6/texture.png
  artifactKey: Guid(a4037cfa534530b4b84ef95f763e2a2d) Importer(815301076,1909f56bfc062723c751e8b465ee728b)
Start importing Assets/Sprites/superpowers-asset-packs-master/3d-warriors/bodies/6/texture.png using Guid(a4037cfa534530b4b84ef95f763e2a2d) Importer(815301076,1909f56bfc062723c751e8b465ee728b)  -> (artifact id: 'b75389c1ed2f77b8a78768000cb18ee6') in 0.021336 seconds
Number of updated asset objects reloaded before import = 0
Number of asset objects unloaded after import = 3
========================================================================
Received Import Request.
  Time since last request: 0.000018 seconds.
  path: Assets/Sprites/superpowers-asset-packs-master/backgrounds/layers/46.png
  artifactKey: Guid(e014d3452ae72004aadc5a53a89a8dbe) Importer(815301076,1909f56bfc062723c751e8b465ee728b)
Start importing Assets/Sprites/superpowers-asset-packs-master/backgrounds/layers/46.png using Guid(e014d3452ae72004aadc5a53a89a8dbe) Importer(815301076,1909f56bfc062723c751e8b465ee728b)  -> (artifact id: '35186194876e9e6e3359842ce2829d2b') in 0.023740 seconds
Number of updated asset objects reloaded before import = 0
Number of asset objects unloaded after import = 3
========================================================================
Received Import Request.
  Time since last request: 0.000141 seconds.
  path: Assets/Sprites/Vampire Survival Assets/Art/Zone Weapon Effect.png
  artifactKey: Guid(0c78c8dd7f0745146b5b5c4fad8288e4) Importer(815301076,1909f56bfc062723c751e8b465ee728b)
Start importing Assets/Sprites/Vampire Survival Assets/Art/Zone Weapon Effect.png using Guid(0c78c8dd7f0745146b5b5c4fad8288e4) Importer(815301076,1909f56bfc062723c751e8b465ee728b)  -> (artifact id: '001aee7718330e1be0a6ae11d5a05956') in 0.020542 seconds
Number of updated asset objects reloaded before import = 0
Number of asset objects unloaded after import = 3
========================================================================
Received Import Request.
  Time since last request: 0.000019 seconds.
  path: Assets/Sprites/superpowers-asset-packs-master/top-down-shooter/weapons/shoot/12.png
  artifactKey: Guid(3a0b3708e4dc03d42bbf1d7e99db0213) Importer(815301076,1909f56bfc062723c751e8b465ee728b)
Start importing Assets/Sprites/superpowers-asset-packs-master/top-down-shooter/weapons/shoot/12.png using Guid(3a0b3708e4dc03d42bbf1d7e99db0213) Importer(815301076,1909f56bfc062723c751e8b465ee728b)  -> (artifact id: 'a5af18789e3520d41d7c14ebef3000b2') in 0.022802 seconds
Number of updated asset objects reloaded before import = 0
Number of asset objects unloaded after import = 3
========================================================================
Received Import Request.
  Time since last request: 0.000018 seconds.
  path: Assets/Sprites/superpowers-asset-packs-master/medieval-fantasy/items/1.png
  artifactKey: Guid(5c14a96a5aa6b0c4795d6f06f36d8c42) Importer(815301076,1909f56bfc062723c751e8b465ee728b)
Start importing Assets/Sprites/superpowers-asset-packs-master/medieval-fantasy/items/1.png using Guid(5c14a96a5aa6b0c4795d6f06f36d8c42) Importer(815301076,1909f56bfc062723c751e8b465ee728b)  -> (artifact id: 'f665b49a6dc81dc7dbd258a76a08d026') in 0.023512 seconds
Number of updated asset objects reloaded before import = 0
Number of asset objects unloaded after import = 3
========================================================================
Received Import Request.
  Time since last request: 0.000018 seconds.
  path: Assets/Sprites/superpowers-asset-packs-master/western-fps-2d/particles/wood-1.png
  artifactKey: Guid(704646378c761084ab323d040fda8ea1) Importer(815301076,1909f56bfc062723c751e8b465ee728b)
Start importing Assets/Sprites/superpowers-asset-packs-master/western-fps-2d/particles/wood-1.png using Guid(704646378c761084ab323d040fda8ea1) Importer(815301076,1909f56bfc062723c751e8b465ee728b)  -> (artifact id: 'bae12cb92b8217a6d5eba744effe9e36') in 0.023247 seconds
Number of updated asset objects reloaded before import = 0
Number of asset objects unloaded after import = 3
========================================================================
Received Import Request.
  Time since last request: 0.000073 seconds.
  path: Assets/Sprites/superpowers-asset-packs-master/western-fps-2d/item/wheel.png
  artifactKey: Guid(829a6c9f286c68b43a3be8d78253ff10) Importer(815301076,1909f56bfc062723c751e8b465ee728b)
Start importing Assets/Sprites/superpowers-asset-packs-master/western-fps-2d/item/wheel.png using Guid(829a6c9f286c68b43a3be8d78253ff10) Importer(815301076,1909f56bfc062723c751e8b465ee728b)  -> (artifact id: '59d422daeb1624299651b30560c3297f') in 0.019948 seconds
Number of updated asset objects reloaded before import = 0
Number of asset objects unloaded after import = 3
========================================================================
Received Import Request.
  Time since last request: 0.000026 seconds.
  path: Assets/Sprites/superpowers-asset-packs-master/3d-character/2d-icon/head-1.png
  artifactKey: Guid(90726903f7517104db4cef639a30b0fa) Importer(815301076,1909f56bfc062723c751e8b465ee728b)
Start importing Assets/Sprites/superpowers-asset-packs-master/3d-character/2d-icon/head-1.png using Guid(90726903f7517104db4cef639a30b0fa) Importer(815301076,1909f56bfc062723c751e8b465ee728b)  -> (artifact id: '22018990dec5f21c44abf6438d3c45e2') in 0.020653 seconds
Number of updated asset objects reloaded before import = 0
Number of asset objects unloaded after import = 3
========================================================================
Received Import Request.
  Time since last request: 0.000019 seconds.
  path: Assets/Sprites/superpowers-asset-packs-master/backgrounds/layers/12.png
  artifactKey: Guid(898fb410b7f8cc042becd544022af333) Importer(815301076,1909f56bfc062723c751e8b465ee728b)
Start importing Assets/Sprites/superpowers-asset-packs-master/backgrounds/layers/12.png using Guid(898fb410b7f8cc042becd544022af333) Importer(815301076,1909f56bfc062723c751e8b465ee728b)  -> (artifact id: 'e435dca571ef0b745956be647e9eea4f') in 0.021598 seconds
Number of updated asset objects reloaded before import = 0
Number of asset objects unloaded after import = 3
========================================================================
Received Import Request.
  Time since last request: 0.000023 seconds.
  path: Assets/Sprites/superpowers-asset-packs-master/medieval-fantasy/items/wood-chest-close.png
  artifactKey: Guid(a466749ad82003444aa6553f8ac69afc) Importer(815301076,1909f56bfc062723c751e8b465ee728b)
Start importing Assets/Sprites/superpowers-asset-packs-master/medieval-fantasy/items/wood-chest-close.png using Guid(a466749ad82003444aa6553f8ac69afc) Importer(815301076,1909f56bfc062723c751e8b465ee728b)  -> (artifact id: 'dfb56b49f42c301af04ceae650f91cf0') in 0.021368 seconds
Number of updated asset objects reloaded before import = 0
Number of asset objects unloaded after import = 3
========================================================================
Received Import Request.
  Time since last request: 0.000017 seconds.
  path: Assets/Sprites/superpowers-asset-packs-master/western-fps-2d/characters/12.png
  artifactKey: Guid(e58895437214bec41b211607cc9d2df1) Importer(815301076,1909f56bfc062723c751e8b465ee728b)
Start importing Assets/Sprites/superpowers-asset-packs-master/western-fps-2d/characters/12.png using Guid(e58895437214bec41b211607cc9d2df1) Importer(815301076,1909f56bfc062723c751e8b465ee728b)  -> (artifact id: 'b23d2774c9cf5ae8733457cb7cf0360b') in 0.021663 seconds
Number of updated asset objects reloaded before import = 0
Number of asset objects unloaded after import = 3
========================================================================
Received Import Request.
  Time since last request: 0.000073 seconds.
  path: Assets/Sprites/rpg-battle-system/HUD/bar/yellow.png
  artifactKey: Guid(b20f298466dbd61458a0de4795425aa1) Importer(815301076,1909f56bfc062723c751e8b465ee728b)
Start importing Assets/Sprites/rpg-battle-system/HUD/bar/yellow.png using Guid(b20f298466dbd61458a0de4795425aa1) Importer(815301076,1909f56bfc062723c751e8b465ee728b)  -> (artifact id: 'c78783e00788d6b66966160e2ea136cf') in 0.022093 seconds
Number of updated asset objects reloaded before import = 0
Number of asset objects unloaded after import = 3
========================================================================
Received Import Request.
  Time since last request: 0.000021 seconds.
  path: Assets/Sprites/superpowers-asset-packs-master/medieval-fantasy/items/3.png
  artifactKey: Guid(eea89f5706c69ab4499a387fed5278fd) Importer(815301076,1909f56bfc062723c751e8b465ee728b)
Start importing Assets/Sprites/superpowers-asset-packs-master/medieval-fantasy/items/3.png using Guid(eea89f5706c69ab4499a387fed5278fd) Importer(815301076,1909f56bfc062723c751e8b465ee728b)  -> (artifact id: 'c5c2c9cf3d60702e46be2af773af1229') in 0.021119 seconds
Number of updated asset objects reloaded before import = 0
Number of asset objects unloaded after import = 3
========================================================================
Received Import Request.
  Time since last request: 0.000018 seconds.
  path: Assets/Sprites/superpowers-asset-packs-master/medieval-fantasy/items/wood-chest-open.png
  artifactKey: Guid(bccc81af5da989f4c83b0e9a268583a1) Importer(815301076,1909f56bfc062723c751e8b465ee728b)
Start importing Assets/Sprites/superpowers-asset-packs-master/medieval-fantasy/items/wood-chest-open.png using Guid(bccc81af5da989f4c83b0e9a268583a1) Importer(815301076,1909f56bfc062723c751e8b465ee728b)  -> (artifact id: 'bc1baac9020e6790ff29eee9850c3e88') in 0.024679 seconds
Number of updated asset objects reloaded before import = 0
Number of asset objects unloaded after import = 3
========================================================================
Received Import Request.
  Time since last request: 0.000030 seconds.
  path: Assets/Sprites/superpowers-asset-packs-master/ninja-adventure/weapons/sword.png
  artifactKey: Guid(2225a0cf2da5fbf4ca69d3406454b2b5) Importer(815301076,1909f56bfc062723c751e8b465ee728b)
Start importing Assets/Sprites/superpowers-asset-packs-master/ninja-adventure/weapons/sword.png using Guid(2225a0cf2da5fbf4ca69d3406454b2b5) Importer(815301076,1909f56bfc062723c751e8b465ee728b)  -> (artifact id: 'c9514c8a206a30d5a95c6386cf8002fd') in 0.028106 seconds
Number of updated asset objects reloaded before import = 0
Number of asset objects unloaded after import = 3
========================================================================
Received Import Request.
  Time since last request: 0.000021 seconds.
  path: Assets/Sprites/superpowers-asset-packs-master/ninja-adventure/items/food/tea-leaf.png
  artifactKey: Guid(92a48780ac22a8f4fb5b75fc1ada8d5a) Importer(815301076,1909f56bfc062723c751e8b465ee728b)
Start importing Assets/Sprites/superpowers-asset-packs-master/ninja-adventure/items/food/tea-leaf.png using Guid(92a48780ac22a8f4fb5b75fc1ada8d5a) Importer(815301076,1909f56bfc062723c751e8b465ee728b)  -> (artifact id: '96c19bb5a9689a2744ed80a56aa82ec2') in 0.020957 seconds
Number of updated asset objects reloaded before import = 0
Number of asset objects unloaded after import = 3
========================================================================
Received Import Request.
  Time since last request: 0.000032 seconds.
  path: Assets/Sprites/superpowers-asset-packs-master/ninja-adventure/hud/yes-button.png
  artifactKey: Guid(6fa53ca20720d9542b0fcb2ba50ab784) Importer(815301076,1909f56bfc062723c751e8b465ee728b)
Start importing Assets/Sprites/superpowers-asset-packs-master/ninja-adventure/hud/yes-button.png using Guid(6fa53ca20720d9542b0fcb2ba50ab784) Importer(815301076,1909f56bfc062723c751e8b465ee728b)  -> (artifact id: 'cb98256b01bf96d98d48fe0f8417bba5') in 0.020829 seconds
Number of updated asset objects reloaded before import = 0
Number of asset objects unloaded after import = 3
========================================================================
Received Import Request.
  Time since last request: 0.000021 seconds.
  path: Assets/Sprites/superpowers-asset-packs-master/prehistoric-platformer/fx/particles/wood-particle-3.png
  artifactKey: Guid(4e11feeefae4a8f46acdaadb6934d91d) Importer(815301076,1909f56bfc062723c751e8b465ee728b)
Start importing Assets/Sprites/superpowers-asset-packs-master/prehistoric-platformer/fx/particles/wood-particle-3.png using Guid(4e11feeefae4a8f46acdaadb6934d91d) Importer(815301076,1909f56bfc062723c751e8b465ee728b)  -> (artifact id: '4358fdfa2a18d281ec1709f47e4eeff6') in 0.022797 seconds
Number of updated asset objects reloaded before import = 0
Number of asset objects unloaded after import = 3
========================================================================
Received Import Request.
  Time since last request: 0.000020 seconds.
  path: Assets/Sprites/superpowers-asset-packs-master/western-fps-2d/item/hat.png
  artifactKey: Guid(6e354266deef8e14b809847586e60b9e) Importer(815301076,1909f56bfc062723c751e8b465ee728b)
Start importing Assets/Sprites/superpowers-asset-packs-master/western-fps-2d/item/hat.png using Guid(6e354266deef8e14b809847586e60b9e) Importer(815301076,1909f56bfc062723c751e8b465ee728b)  -> (artifact id: '42e2d9337ed0687c25f6f6f468773673') in 0.021559 seconds
Number of updated asset objects reloaded before import = 0
Number of asset objects unloaded after import = 3
========================================================================
Received Import Request.
  Time since last request: 0.000020 seconds.
  path: Assets/Sprites/superpowers-asset-packs-master/backgrounds/layers/47.png
  artifactKey: Guid(a37366d225cb51549961231a7d4fadd5) Importer(815301076,1909f56bfc062723c751e8b465ee728b)
Start importing Assets/Sprites/superpowers-asset-packs-master/backgrounds/layers/47.png using Guid(a37366d225cb51549961231a7d4fadd5) Importer(815301076,1909f56bfc062723c751e8b465ee728b)  -> (artifact id: '9197851f3a1b283bc2909857fb451552') in 0.021790 seconds
Number of updated asset objects reloaded before import = 0
Number of asset objects unloaded after import = 3
========================================================================
Received Import Request.
  Time since last request: 0.000017 seconds.
  path: Assets/Sprites/superpowers-asset-packs-master/western-fps-2d/background-elements/3D-table/table-texture.png
  artifactKey: Guid(6513304d8b89cd74989d983433961ea1) Importer(815301076,1909f56bfc062723c751e8b465ee728b)
Start importing Assets/Sprites/superpowers-asset-packs-master/western-fps-2d/background-elements/3D-table/table-texture.png using Guid(6513304d8b89cd74989d983433961ea1) Importer(815301076,1909f56bfc062723c751e8b465ee728b)  -> (artifact id: '0efe02d21ded5dae8f9e64a60dee369e') in 0.021742 seconds
Number of updated asset objects reloaded before import = 0
Number of asset objects unloaded after import = 3
========================================================================
Received Import Request.
  Time since last request: 0.000017 seconds.
  path: Assets/Sprites/superpowers-asset-packs-master/western-fps-2d/characters/3.png
  artifactKey: Guid(0066543434eaedb478b21df3ec218ac4) Importer(815301076,1909f56bfc062723c751e8b465ee728b)
Start importing Assets/Sprites/superpowers-asset-packs-master/western-fps-2d/characters/3.png using Guid(0066543434eaedb478b21df3ec218ac4) Importer(815301076,1909f56bfc062723c751e8b465ee728b)  -> (artifact id: '6576d18011df62853975fcf21a9fd2e0') in 0.021321 seconds
Number of updated asset objects reloaded before import = 0
Number of asset objects unloaded after import = 3
========================================================================
Received Import Request.
  Time since last request: 288.140133 seconds.
  path: Assets/Sprites/superpowers-asset-packs-master/western-fps-2d/background-elements/water-trough.png
  artifactKey: Guid(cfe733bd3d83a7942a0ec41b2d77d270) Importer(815301076,1909f56bfc062723c751e8b465ee728b)
Start importing Assets/Sprites/superpowers-asset-packs-master/western-fps-2d/background-elements/water-trough.png using Guid(cfe733bd3d83a7942a0ec41b2d77d270) Importer(815301076,1909f56bfc062723c751e8b465ee728b)  -> (artifact id: '41eb7ff431cb09463553203721d046e1') in 0.022839 seconds
Number of updated asset objects reloaded before import = 0
Number of asset objects unloaded after import = 3
========================================================================
Received Import Request.
  Time since last request: 0.001027 seconds.
  path: Assets/Sprites/superpowers-asset-packs-master/ninja-adventure/background-elements/waterfall-middle.gif
  artifactKey: Guid(6267523af6993cc46842b3faebc7a3e0) Importer(815301076,1909f56bfc062723c751e8b465ee728b)
Start importing Assets/Sprites/superpowers-asset-packs-master/ninja-adventure/background-elements/waterfall-middle.gif using Guid(6267523af6993cc46842b3faebc7a3e0) Importer(815301076,1909f56bfc062723c751e8b465ee728b)  -> (artifact id: '24ba0ea438dc21c28b405d1d0a1e2661') in 0.031332 seconds
Number of updated asset objects reloaded before import = 0
Number of asset objects unloaded after import = 3
========================================================================
Received Import Request.
  Time since last request: 0.000129 seconds.
  path: Assets/Sprites/superpowers-asset-packs-master/top-down-shooter/characters/robot/weapon.png
  artifactKey: Guid(b25247c4f9d3b974689e90225b6fa86a) Importer(815301076,1909f56bfc062723c751e8b465ee728b)
Start importing Assets/Sprites/superpowers-asset-packs-master/top-down-shooter/characters/robot/weapon.png using Guid(b25247c4f9d3b974689e90225b6fa86a) Importer(815301076,1909f56bfc062723c751e8b465ee728b)  -> (artifact id: '790c3428e679107d0e3dc99547a630a6') in 0.019825 seconds
Number of updated asset objects reloaded before import = 0
Number of asset objects unloaded after import = 3
========================================================================
Received Import Request.
  Time since last request: 0.000021 seconds.
  path: Assets/Sprites/superpowers-asset-packs-master/ninja-adventure/items/little-treasure-chest.png
  artifactKey: Guid(ac8d44db6007bcc4caf1fd7baf4f50a3) Importer(815301076,1909f56bfc062723c751e8b465ee728b)
Start importing Assets/Sprites/superpowers-asset-packs-master/ninja-adventure/items/little-treasure-chest.png using Guid(ac8d44db6007bcc4caf1fd7baf4f50a3) Importer(815301076,1909f56bfc062723c751e8b465ee728b)  -> (artifact id: '2e6e750518fa9d8fef76dceb6de57e04') in 0.018473 seconds
Number of updated asset objects reloaded before import = 0
Number of asset objects unloaded after import = 3
========================================================================
Received Import Request.
  Time since last request: 0.000020 seconds.
  path: Assets/Sprites/superpowers-asset-packs-master/space-shooter/hud/lives-icon.png
  artifactKey: Guid(a6e882194fccadb428132a51f78173ad) Importer(815301076,1909f56bfc062723c751e8b465ee728b)
Start importing Assets/Sprites/superpowers-asset-packs-master/space-shooter/hud/lives-icon.png using Guid(a6e882194fccadb428132a51f78173ad) Importer(815301076,1909f56bfc062723c751e8b465ee728b)  -> (artifact id: '62a132368a8a24553559a139477e02a8') in 0.019947 seconds
Number of updated asset objects reloaded before import = 0
Number of asset objects unloaded after import = 3
========================================================================
Received Import Request.
  Time since last request: 0.000020 seconds.
  path: Assets/Sprites/superpowers-asset-packs-master/medieval-fantasy/items/weapon/weapon.gif
  artifactKey: Guid(f177c137e3c931b4cb4db05c5c279361) Importer(815301076,1909f56bfc062723c751e8b465ee728b)
Start importing Assets/Sprites/superpowers-asset-packs-master/medieval-fantasy/items/weapon/weapon.gif using Guid(f177c137e3c931b4cb4db05c5c279361) Importer(815301076,1909f56bfc062723c751e8b465ee728b)  -> (artifact id: '64c608e15936525b2e920893d3405ebe') in 0.018024 seconds
Number of updated asset objects reloaded before import = 0
Number of asset objects unloaded after import = 3
========================================================================
Received Import Request.
  Time since last request: 0.000020 seconds.
  path: Assets/Sprites/superpowers-asset-packs-master/ninja-adventure/items/medipack.png
  artifactKey: Guid(5bbea6d389065c04495563232e5fc604) Importer(815301076,1909f56bfc062723c751e8b465ee728b)
Start importing Assets/Sprites/superpowers-asset-packs-master/ninja-adventure/items/medipack.png using Guid(5bbea6d389065c04495563232e5fc604) Importer(815301076,1909f56bfc062723c751e8b465ee728b)  -> (artifact id: '4d58b9274a3de2e2df44f68505344a05') in 0.017431 seconds
Number of updated asset objects reloaded before import = 0
Number of asset objects unloaded after import = 3
========================================================================
Received Import Request.
  Time since last request: 0.000020 seconds.
  path: Assets/Sprites/superpowers-asset-packs-master/western-fps-2d/item/medikit.png
  artifactKey: Guid(975dd062ccab5f14696b12e748112653) Importer(815301076,1909f56bfc062723c751e8b465ee728b)
Start importing Assets/Sprites/superpowers-asset-packs-master/western-fps-2d/item/medikit.png using Guid(975dd062ccab5f14696b12e748112653) Importer(815301076,1909f56bfc062723c751e8b465ee728b)  -> (artifact id: '0c7cfbc0b9d7c5ce7cba2fe65f1e3399') in 0.017981 seconds
Number of updated asset objects reloaded before import = 0
Number of asset objects unloaded after import = 3
========================================================================
Received Import Request.
  Time since last request: 0.000019 seconds.
  path: Assets/Sprites/superpowers-asset-packs-master/backgrounds/layers/20.png
  artifactKey: Guid(acdb6a50da3510c46a0d5ba4d59d3b65) Importer(815301076,1909f56bfc062723c751e8b465ee728b)
Start importing Assets/Sprites/superpowers-asset-packs-master/backgrounds/layers/20.png using Guid(acdb6a50da3510c46a0d5ba4d59d3b65) Importer(815301076,1909f56bfc062723c751e8b465ee728b)  -> (artifact id: '9cdf177a0f9242f175893f9e57b25dc6') in 0.020653 seconds
Number of updated asset objects reloaded before import = 0
Number of asset objects unloaded after import = 3
========================================================================
Received Import Request.
  Time since last request: 0.000025 seconds.
  path: Assets/Sprites/superpowers-asset-packs-master/medieval-fantasy/background-elements/20.png
  artifactKey: Guid(6810f2fc4982e1246862f5151545e1b5) Importer(815301076,1909f56bfc062723c751e8b465ee728b)
Start importing Assets/Sprites/superpowers-asset-packs-master/medieval-fantasy/background-elements/20.png using Guid(6810f2fc4982e1246862f5151545e1b5) Importer(815301076,1909f56bfc062723c751e8b465ee728b)  -> (artifact id: '6dd2b3f5ace7cb902721be5d519ea1dc') in 0.020397 seconds
Number of updated asset objects reloaded before import = 0
Number of asset objects unloaded after import = 3
========================================================================
Received Import Request.
  Time since last request: 0.000030 seconds.
  path: Assets/Sprites/rpg-battle-system/backgrounds/20.png
  artifactKey: Guid(48b8352526ee05b4cabf9407d19cf750) Importer(815301076,1909f56bfc062723c751e8b465ee728b)
Start importing Assets/Sprites/rpg-battle-system/backgrounds/20.png using Guid(48b8352526ee05b4cabf9407d19cf750) Importer(815301076,1909f56bfc062723c751e8b465ee728b)  -> (artifact id: '0b378fa236b3f6c7e876d416c2e518c8') in 0.019738 seconds
Number of updated asset objects reloaded before import = 0
Number of asset objects unloaded after import = 3
========================================================================
Received Import Request.
  Time since last request: 0.000018 seconds.
  path: Assets/Sprites/superpowers-asset-packs-master/ninja-adventure/fx/20.gif
  artifactKey: Guid(8f34a4c8d89da4a41ba6551f313be669) Importer(815301076,1909f56bfc062723c751e8b465ee728b)
Start importing Assets/Sprites/superpowers-asset-packs-master/ninja-adventure/fx/20.gif using Guid(8f34a4c8d89da4a41ba6551f313be669) Importer(815301076,1909f56bfc062723c751e8b465ee728b)  -> (artifact id: '08053e511f6306bb17d5dd84a55c1b0b') in 0.017065 seconds
Number of updated asset objects reloaded before import = 0
Number of asset objects unloaded after import = 3
========================================================================
Received Import Request.
  Time since last request: 0.000020 seconds.
  path: Assets/Sprites/superpowers-asset-packs-master/ninja-adventure/fx/20.png
  artifactKey: Guid(e863ccd99a217ce4c8d756a4de2730e3) Importer(815301076,1909f56bfc062723c751e8b465ee728b)
Start importing Assets/Sprites/superpowers-asset-packs-master/ninja-adventure/fx/20.png using Guid(e863ccd99a217ce4c8d756a4de2730e3) Importer(815301076,1909f56bfc062723c751e8b465ee728b)  -> (artifact id: 'dd39ee86846deca083e08f2bc678bd5c') in 0.017278 seconds
Number of updated asset objects reloaded before import = 0
Number of asset objects unloaded after import = 3
========================================================================
Received Import Request.
  Time since last request: 0.000019 seconds.
  path: Assets/Sprites/superpowers-asset-packs-master/western-fps-2d/hud/map-tileset-32x32.png
  artifactKey: Guid(f3a5b57bb692d094da6ec0853c5935f4) Importer(815301076,1909f56bfc062723c751e8b465ee728b)
Start importing Assets/Sprites/superpowers-asset-packs-master/western-fps-2d/hud/map-tileset-32x32.png using Guid(f3a5b57bb692d094da6ec0853c5935f4) Importer(815301076,1909f56bfc062723c751e8b465ee728b)  -> (artifact id: '7d6f8c9406e334f7eb6cca02f6ab717b') in 0.022490 seconds
Number of updated asset objects reloaded before import = 0
Number of asset objects unloaded after import = 3
========================================================================
Received Import Request.
  Time since last request: 0.000019 seconds.
  path: Assets/Sprites/superpowers-asset-packs-master/top-down-shooter/weapons/attach-to-body/5.png
  artifactKey: Guid(8f97a3e495864034f8679c80a910d9e0) Importer(815301076,1909f56bfc062723c751e8b465ee728b)
Start importing Assets/Sprites/superpowers-asset-packs-master/top-down-shooter/weapons/attach-to-body/5.png using Guid(8f97a3e495864034f8679c80a910d9e0) Importer(815301076,1909f56bfc062723c751e8b465ee728b)  -> (artifact id: '97d38decbb6ab3eace2aa04261befe59') in 0.017541 seconds
Number of updated asset objects reloaded before import = 0
Number of asset objects unloaded after import = 3
========================================================================
Received Import Request.
  Time since last request: 0.000019 seconds.
  path: Assets/Sprites/superpowers-asset-packs-master/medieval-fantasy/items/projectile/5.png
  artifactKey: Guid(9626f0bf9405349418a96122a5197e7b) Importer(815301076,1909f56bfc062723c751e8b465ee728b)
Start importing Assets/Sprites/superpowers-asset-packs-master/medieval-fantasy/items/projectile/5.png using Guid(9626f0bf9405349418a96122a5197e7b) Importer(815301076,1909f56bfc062723c751e8b465ee728b)  -> (artifact id: 'cd0307c750bb64a2fc58505180abeafb') in 0.017226 seconds
Number of updated asset objects reloaded before import = 0
Number of asset objects unloaded after import = 3
========================================================================
Received Import Request.
  Time since last request: 0.000017 seconds.
  path: Assets/Sprites/superpowers-asset-packs-master/backgrounds/backgrounds/5.png
  artifactKey: Guid(b57b40b15539b3e4e90c1711a6923b12) Importer(815301076,1909f56bfc062723c751e8b465ee728b)
Start importing Assets/Sprites/superpowers-asset-packs-master/backgrounds/backgrounds/5.png using Guid(b57b40b15539b3e4e90c1711a6923b12) Importer(815301076,1909f56bfc062723c751e8b465ee728b)  -> (artifact id: '51e309e67718544c4b67f43d8a1f758e') in 0.046275 seconds
Number of updated asset objects reloaded before import = 0
Number of asset objects unloaded after import = 3
========================================================================
Received Import Request.
  Time since last request: 0.000201 seconds.
  path: Assets/Sprites/superpowers-asset-packs-master/ninja-adventure/characters/5.png
  artifactKey: Guid(859c229f65542be4fad7e7eb9327f2a1) Importer(815301076,1909f56bfc062723c751e8b465ee728b)
Start importing Assets/Sprites/superpowers-asset-packs-master/ninja-adventure/characters/5.png using Guid(859c229f65542be4fad7e7eb9327f2a1) Importer(815301076,1909f56bfc062723c751e8b465ee728b)  -> (artifact id: 'ac6fcd47f7e724bbf87866498bef82d4') in 0.020640 seconds
Number of updated asset objects reloaded before import = 0
Number of asset objects unloaded after import = 3
========================================================================
Received Import Request.
  Time since last request: 0.000019 seconds.
  path: Assets/Sprites/superpowers-asset-packs-master/top-down-shooter/weapons/5.png
  artifactKey: Guid(a4596cdcb339eac4488d4eaab7783b78) Importer(815301076,1909f56bfc062723c751e8b465ee728b)
Start importing Assets/Sprites/superpowers-asset-packs-master/top-down-shooter/weapons/5.png using Guid(a4596cdcb339eac4488d4eaab7783b78) Importer(815301076,1909f56bfc062723c751e8b465ee728b)  -> (artifact id: '1dfb99b251d7378d108a09a49aeef629') in 0.019417 seconds
Number of updated asset objects reloaded before import = 0
Number of asset objects unloaded after import = 3
========================================================================
Received Import Request.
  Time since last request: 0.000019 seconds.
  path: Assets/Sprites/superpowers-asset-packs-master/medieval-fantasy/items/emblem/5.png
  artifactKey: Guid(130e80771e6e823428d0adabdc327825) Importer(815301076,1909f56bfc062723c751e8b465ee728b)
Start importing Assets/Sprites/superpowers-asset-packs-master/medieval-fantasy/items/emblem/5.png using Guid(130e80771e6e823428d0adabdc327825) Importer(815301076,1909f56bfc062723c751e8b465ee728b)  -> (artifact id: 'f91477422ead88da7d3063e0bcb7f06b') in 0.029978 seconds
Number of updated asset objects reloaded before import = 0
Number of asset objects unloaded after import = 3
========================================================================
Received Import Request.
  Time since last request: 0.000228 seconds.
  path: Assets/Sprites/superpowers-asset-packs-master/space-shooter/logo.png
  artifactKey: Guid(a8694f79a000fda45951daa5af71ec60) Importer(815301076,1909f56bfc062723c751e8b465ee728b)
Start importing Assets/Sprites/superpowers-asset-packs-master/space-shooter/logo.png using Guid(a8694f79a000fda45951daa5af71ec60) Importer(815301076,1909f56bfc062723c751e8b465ee728b)  -> (artifact id: '82718a30fb7cfdf4d9f74ebc127b0956') in 0.024612 seconds
Number of updated asset objects reloaded before import = 0
Number of asset objects unloaded after import = 3
Editor requested this worker to shutdown with reason: Scaling down because of idle timeout
TcpMessagingSession - receive error: operation aborted. errorcode: 995, details: The I/O operation has been aborted because of either a thread exit or an application request.
AssetImportWorker is now disconnected from the server
Process exiting
Exiting without the bug reporter. Application will terminate with return code 0