Using pre-set license
Built from '2022.3/staging' branch; Version is '2022.3.11f1 (d00248457e15) revision 13632072'; Using compiler version '192829333'; Build Type 'Release'
OS: 'Windows 10  (10.0.19045) 64bit Professional' Language: 'en' Physical Memory: 16241 MB
BatchMode: 1, IsHumanControllingUs: 0, StartBugReporterOnCrash: 0, Is64bit: 1, IsPro: 1

COMMAND LINE ARGUMENTS:
C:\Program Files\Unity\Hub\Editor\2022.3.11f1\Editor\Unity.exe
-adb2
-batchMode
-noUpm
-name
AssetImportWorker2
-projectPath
E:/UnityProject/MonsterSurvival
-logFile
Logs/AssetImportWorker2.log
-srvPort
52575
Successfully changed project path to: E:/UnityProject/MonsterSurvival
E:/UnityProject/MonsterSurvival
[UnityMemory] Configuration Parameters - Can be set up in boot.config
    "memorysetup-bucket-allocator-granularity=16"
    "memorysetup-bucket-allocator-bucket-count=8"
    "memorysetup-bucket-allocator-block-size=33554432"
    "memorysetup-bucket-allocator-block-count=8"
    "memorysetup-main-allocator-block-size=16777216"
    "memorysetup-thread-allocator-block-size=16777216"
    "memorysetup-gfx-main-allocator-block-size=16777216"
    "memorysetup-gfx-thread-allocator-block-size=16777216"
    "memorysetup-cache-allocator-block-size=4194304"
    "memorysetup-typetree-allocator-block-size=2097152"
    "memorysetup-profiler-bucket-allocator-granularity=16"
    "memorysetup-profiler-bucket-allocator-bucket-count=8"
    "memorysetup-profiler-bucket-allocator-block-size=33554432"
    "memorysetup-profiler-bucket-allocator-block-count=8"
    "memorysetup-profiler-allocator-block-size=16777216"
    "memorysetup-profiler-editor-allocator-block-size=1048576"
    "memorysetup-temp-allocator-size-main=16777216"
    "memorysetup-job-temp-allocator-block-size=2097152"
    "memorysetup-job-temp-allocator-block-size-background=1048576"
    "memorysetup-job-temp-allocator-reduction-small-platforms=262144"
    "memorysetup-allocator-temp-initial-block-size-main=262144"
    "memorysetup-allocator-temp-initial-block-size-worker=262144"
    "memorysetup-temp-allocator-size-background-worker=32768"
    "memorysetup-temp-allocator-size-job-worker=262144"
    "memorysetup-temp-allocator-size-preload-manager=33554432"
    "memorysetup-temp-allocator-size-nav-mesh-worker=65536"
    "memorysetup-temp-allocator-size-audio-worker=65536"
    "memorysetup-temp-allocator-size-cloud-worker=32768"
    "memorysetup-temp-allocator-size-gi-baking-worker=262144"
    "memorysetup-temp-allocator-size-gfx=262144"
Player connection [10980] Host "[IP] 192.168.1.20 [Port] 0 [Flags] 2 [Guid] 2348983653 [EditorId] 2348983653 [Version] 1048832 [Id] WindowsEditor(7,MrMinhVu) [Debug] 1 [PackageName] WindowsEditor [ProjectName] Editor" joined multi-casting on [225.0.0.222:54997]...

Player connection [10980] Host "[IP] 192.168.1.20 [Port] 0 [Flags] 2 [Guid] 2348983653 [EditorId] 2348983653 [Version] 1048832 [Id] WindowsEditor(7,MrMinhVu) [Debug] 1 [PackageName] WindowsEditor [ProjectName] Editor" joined alternative multi-casting on [225.0.0.222:34997]...

[Physics::Module] Initialized MultithreadedJobDispatcher with 15 workers.
Refreshing native plugins compatible for Editor in 6.10 ms, found 3 plugins.
Preloading 0 native plugins for Editor in 0.00 ms.
Initialize engine version: 2022.3.11f1 (d00248457e15)
[Subsystems] Discovering subsystems at path C:/Program Files/Unity/Hub/Editor/2022.3.11f1/Editor/Data/Resources/UnitySubsystems
[Subsystems] Discovering subsystems at path E:/UnityProject/MonsterSurvival/Assets
GfxDevice: creating device client; threaded=0; jobified=0
Direct3D:
    Version:  Direct3D 11.0 [level 11.1]
    Renderer: NVIDIA GeForce RTX 3070 (ID=0x2484)
    Vendor:   NVIDIA
    VRAM:     8018 MB
    Driver:   31.0.15.5176
Initialize mono
Mono path[0] = 'C:/Program Files/Unity/Hub/Editor/2022.3.11f1/Editor/Data/Managed'
Mono path[1] = 'C:/Program Files/Unity/Hub/Editor/2022.3.11f1/Editor/Data/MonoBleedingEdge/lib/mono/unityjit-win32'
Mono config path = 'C:/Program Files/Unity/Hub/Editor/2022.3.11f1/Editor/Data/MonoBleedingEdge/etc'
Using monoOptions --debugger-agent=transport=dt_socket,embedding=1,server=y,suspend=n,address=127.0.0.1:56480
Begin MonoManager ReloadAssembly
Registering precompiled unity dll's ...
Register platform support module: C:/Program Files/Unity/Hub/Editor/2022.3.11f1/Editor/Data/PlaybackEngines/WindowsStandaloneSupport/UnityEditor.WindowsStandalone.Extensions.dll
Registered in 0.008388 seconds.
- Loaded All Assemblies, in  0.470 seconds
Native extension for WindowsStandalone target not found
Mono: successfully reloaded assembly
- Finished resetting the current domain, in  0.366 seconds
Domain Reload Profiling: 835ms
	BeginReloadAssembly (151ms)
		ExecutionOrderSort (0ms)
		DisableScriptedObjects (0ms)
		BackupInstance (0ms)
		ReleaseScriptingObjects (0ms)
		CreateAndSetChildDomain (1ms)
	RebuildCommonClasses (45ms)
	RebuildNativeTypeToScriptingClass (13ms)
	initialDomainReloadingComplete (75ms)
	LoadAllAssembliesAndSetupDomain (184ms)
		LoadAssemblies (149ms)
		RebuildTransferFunctionScriptingTraits (0ms)
		AnalyzeDomain (181ms)
			TypeCache.Refresh (180ms)
				TypeCache.ScanAssembly (163ms)
			ScanForSourceGeneratedMonoScriptInfo (0ms)
			ResolveRequiredComponents (1ms)
	FinalizeReload (367ms)
		ReleaseScriptCaches (0ms)
		RebuildScriptCaches (0ms)
		SetupLoadedEditorAssemblies (280ms)
			LogAssemblyErrors (0ms)
			InitializePlatformSupportModulesInManaged (14ms)
			SetLoadedEditorAssemblies (12ms)
			RefreshPlugins (0ms)
			BeforeProcessingInitializeOnLoad (4ms)
			ProcessInitializeOnLoadAttributes (182ms)
			ProcessInitializeOnLoadMethodAttributes (68ms)
			AfterProcessingInitializeOnLoad (0ms)
			EditorAssembliesLoaded (0ms)
		ExecutionOrderSort2 (0ms)
		AwakeInstancesAfterBackupRestoration (0ms)
========================================================================
Worker process is ready to serve import requests
Begin MonoManager ReloadAssembly
- Loaded All Assemblies, in  0.814 seconds
Refreshing native plugins compatible for Editor in 2.65 ms, found 3 plugins.
Native extension for WindowsStandalone target not found
Package Manager log level set to [2]
[Package Manager] Server::EnsureServerProcessIsRunning -- launch failed, reason: Unity was launched with the -noUpm command-line argument
[Package Manager] UpmClient::Send -- Unable to send message (not connected to UPM process).
[Package Manager] Cannot connect to Unity Package Manager local server
Mono: successfully reloaded assembly
- Finished resetting the current domain, in  0.916 seconds
Domain Reload Profiling: 1728ms
	BeginReloadAssembly (251ms)
		ExecutionOrderSort (0ms)
		DisableScriptedObjects (8ms)
		BackupInstance (0ms)
		ReleaseScriptingObjects (0ms)
		CreateAndSetChildDomain (26ms)
	RebuildCommonClasses (43ms)
	RebuildNativeTypeToScriptingClass (14ms)
	initialDomainReloadingComplete (56ms)
	LoadAllAssembliesAndSetupDomain (448ms)
		LoadAssemblies (374ms)
		RebuildTransferFunctionScriptingTraits (0ms)
		AnalyzeDomain (167ms)
			TypeCache.Refresh (140ms)
				TypeCache.ScanAssembly (122ms)
			ScanForSourceGeneratedMonoScriptInfo (22ms)
			ResolveRequiredComponents (4ms)
	FinalizeReload (916ms)
		ReleaseScriptCaches (0ms)
		RebuildScriptCaches (0ms)
		SetupLoadedEditorAssemblies (677ms)
			LogAssemblyErrors (0ms)
			InitializePlatformSupportModulesInManaged (9ms)
			SetLoadedEditorAssemblies (7ms)
			RefreshPlugins (0ms)
			BeforeProcessingInitializeOnLoad (111ms)
			ProcessInitializeOnLoadAttributes (488ms)
			ProcessInitializeOnLoadMethodAttributes (54ms)
			AfterProcessingInitializeOnLoad (8ms)
			EditorAssembliesLoaded (0ms)
		ExecutionOrderSort2 (0ms)
		AwakeInstancesAfterBackupRestoration (9ms)
Launched and connected shader compiler UnityShaderCompiler.exe after 0.08 seconds
Refreshing native plugins compatible for Editor in 1.91 ms, found 3 plugins.
Preloading 0 native plugins for Editor in 0.00 ms.
Unloading 2411 Unused Serialized files (Serialized files now loaded: 0)
Unloading 53 unused Assets / (57.8 KB). Loaded Objects now: 2878.
Memory consumption went from 111.0 MB to 110.9 MB.
Total: 2.748500 ms (FindLiveObjects: 0.149200 ms CreateObjectMapping: 0.054700 ms MarkObjects: 2.438800 ms  DeleteObjects: 0.104900 ms)

AssetImportParameters requested are different than current active one (requested -> active):
  custom:video-decoder-webm-vp8: 9c59270c3fd7afecdb556c50c9e8de78 -> 
  custom:SearchIndexIgnoredProperties: e643bd26f0fe6173181afceb89e7c659 -> 
  custom:container-demuxer-ogg: 62fdf1f143b41e24485cea50d1cbac27 -> 
  custom:AudioImporter_EditorPlatform: d09bf68614088b80899f8185d706f6e7 -> 
  custom:video-decoder-ogg-theora: a1e56fd34408186e4bbccfd4996cb3dc -> 
  custom:framework-win-MediaFoundation: 216162199b28c13a410421893ffa2e32 -> 
  custom:video-encoder-webm-vp8: eb34c28f22e8b96e1ab97ce403110664 -> 
  custom:audio-decoder-ogg-vorbis: bf7c407c2cedff20999df2af8eb42d56 -> 
  custom:CustomObjectIndexerAttribute: 756ad292c208cfabdd7b50bc23989ffe -> 
  custom:container-demuxer-webm: 4f35f7cbe854078d1ac9338744f61a02 -> 
  custom:audio-encoder-webm-vorbis: bf7c407c2cedff20999df2af8eb42d56 -> 
  custom:container-muxer-webm: aa71ff27fc2769a1b78a27578f13a17b -> 
========================================================================
Received Import Request.
  Time since last request: 16209.975408 seconds.
  path: Assets/Sprites/superpowers-asset-packs-master/top-down-shooter/hud/wrench.png
  artifactKey: Guid(5a3a6c1b1a0c7f84eafcd7b177f3be1a) Importer(815301076,1909f56bfc062723c751e8b465ee728b)
Start importing Assets/Sprites/superpowers-asset-packs-master/top-down-shooter/hud/wrench.png using Guid(5a3a6c1b1a0c7f84eafcd7b177f3be1a) Importer(815301076,1909f56bfc062723c751e8b465ee728b)  -> (artifact id: '4bcd7b6c1b1658ce646185eea7b2cb2c') in 0.110558 seconds
Number of updated asset objects reloaded before import = 0
Number of asset objects unloaded after import = 3
========================================================================
Received Import Request.
  Time since last request: 0.000035 seconds.
  path: Assets/Sprites/superpowers-asset-packs-master/prehistoric-platformer/fx/particles/wood-particle-2.png
  artifactKey: Guid(6f1a1ab7102947040a91550f89a10012) Importer(815301076,1909f56bfc062723c751e8b465ee728b)
Start importing Assets/Sprites/superpowers-asset-packs-master/prehistoric-platformer/fx/particles/wood-particle-2.png using Guid(6f1a1ab7102947040a91550f89a10012) Importer(815301076,1909f56bfc062723c751e8b465ee728b)  -> (artifact id: '9897487a413f624f291fb9509a98dd17') in 0.024633 seconds
Number of updated asset objects reloaded before import = 0
Number of asset objects unloaded after import = 3
========================================================================
Received Import Request.
  Time since last request: 0.000021 seconds.
  path: Assets/Sprites/superpowers-asset-packs-master/3d-character/2d-icon/head-2.png
  artifactKey: Guid(1e99c819f7f3b4544a904957cf6478b4) Importer(815301076,1909f56bfc062723c751e8b465ee728b)
Start importing Assets/Sprites/superpowers-asset-packs-master/3d-character/2d-icon/head-2.png using Guid(1e99c819f7f3b4544a904957cf6478b4) Importer(815301076,1909f56bfc062723c751e8b465ee728b)  -> (artifact id: '9d926b614860f13dc1e7b322223bf705') in 0.022532 seconds
Number of updated asset objects reloaded before import = 0
Number of asset objects unloaded after import = 3
========================================================================
Received Import Request.
  Time since last request: 0.000021 seconds.
  path: Assets/Sprites/rpg-battle-system/item/47.png
  artifactKey: Guid(e2a03026a073c6049b8446d19d8dd07c) Importer(815301076,1909f56bfc062723c751e8b465ee728b)
Start importing Assets/Sprites/rpg-battle-system/item/47.png using Guid(e2a03026a073c6049b8446d19d8dd07c) Importer(815301076,1909f56bfc062723c751e8b465ee728b)  -> (artifact id: 'c7bd09a56841ffeb607002ff9ff3caec') in 0.022996 seconds
Number of updated asset objects reloaded before import = 0
Number of asset objects unloaded after import = 3
========================================================================
Received Import Request.
  Time since last request: 0.000159 seconds.
  path: Assets/Sprites/superpowers-asset-packs-master/medieval-fantasy/characters/3.png
  artifactKey: Guid(0c13fcb20206b3649ac8d768b3861f5a) Importer(815301076,1909f56bfc062723c751e8b465ee728b)
Start importing Assets/Sprites/superpowers-asset-packs-master/medieval-fantasy/characters/3.png using Guid(0c13fcb20206b3649ac8d768b3861f5a) Importer(815301076,1909f56bfc062723c751e8b465ee728b)  -> (artifact id: '23ab7afa2e1ddb982d59b3cd2986a323') in 0.022991 seconds
Number of updated asset objects reloaded before import = 0
Number of asset objects unloaded after import = 3
========================================================================
Received Import Request.
  Time since last request: 0.000028 seconds.
  path: Assets/Sprites/superpowers-asset-packs-master/western-fps-2d/hud/icons/X.png
  artifactKey: Guid(7a3def2ebc5cc464f9ebb66eea9a69fa) Importer(815301076,1909f56bfc062723c751e8b465ee728b)
Start importing Assets/Sprites/superpowers-asset-packs-master/western-fps-2d/hud/icons/X.png using Guid(7a3def2ebc5cc464f9ebb66eea9a69fa) Importer(815301076,1909f56bfc062723c751e8b465ee728b)  -> (artifact id: '4034eae7b3d3861a79a52e6e94433dfc') in 0.022361 seconds
Number of updated asset objects reloaded before import = 0
Number of asset objects unloaded after import = 3
========================================================================
Received Import Request.
  Time since last request: 0.000226 seconds.
  path: Assets/Sprites/superpowers-asset-packs-master/top-down-shooter/characters/tank-base.png
  artifactKey: Guid(7da0a54b88d382c4789d83f08ca2f332) Importer(815301076,1909f56bfc062723c751e8b465ee728b)
Start importing Assets/Sprites/superpowers-asset-packs-master/top-down-shooter/characters/tank-base.png using Guid(7da0a54b88d382c4789d83f08ca2f332) Importer(815301076,1909f56bfc062723c751e8b465ee728b)  -> (artifact id: '64968ab60f9dcc8381b31f5b15684a5d') in 0.021009 seconds
Number of updated asset objects reloaded before import = 0
Number of asset objects unloaded after import = 3
========================================================================
Received Import Request.
  Time since last request: 0.000018 seconds.
  path: Assets/Sprites/rpg-battle-system/item/45.png
  artifactKey: Guid(6c19c6ad8ae63cf4db1b65c8e2f55f81) Importer(815301076,1909f56bfc062723c751e8b465ee728b)
Start importing Assets/Sprites/rpg-battle-system/item/45.png using Guid(6c19c6ad8ae63cf4db1b65c8e2f55f81) Importer(815301076,1909f56bfc062723c751e8b465ee728b)  -> (artifact id: 'a80b569504190e6e90d9538310d8d906') in 0.021951 seconds
Number of updated asset objects reloaded before import = 0
Number of asset objects unloaded after import = 3
========================================================================
Received Import Request.
  Time since last request: 0.000017 seconds.
  path: Assets/Sprites/superpowers-asset-packs-master/ninja-adventure/fx/3.png
  artifactKey: Guid(395425d8a91469e42be30b0c10a918aa) Importer(815301076,1909f56bfc062723c751e8b465ee728b)
Start importing Assets/Sprites/superpowers-asset-packs-master/ninja-adventure/fx/3.png using Guid(395425d8a91469e42be30b0c10a918aa) Importer(815301076,1909f56bfc062723c751e8b465ee728b)  -> (artifact id: '4eb4e2f9bc9b3f2c3037a5d90f4f6b93') in 0.021561 seconds
Number of updated asset objects reloaded before import = 0
Number of asset objects unloaded after import = 3
========================================================================
Received Import Request.
  Time since last request: 0.000115 seconds.
  path: Assets/Sprites/superpowers-asset-packs-master/medieval-fantasy/background-elements/0-tileset.png
  artifactKey: Guid(aa8921747ec170f4ea004c62aaf2654c) Importer(815301076,1909f56bfc062723c751e8b465ee728b)
Start importing Assets/Sprites/superpowers-asset-packs-master/medieval-fantasy/background-elements/0-tileset.png using Guid(aa8921747ec170f4ea004c62aaf2654c) Importer(815301076,1909f56bfc062723c751e8b465ee728b)  -> (artifact id: 'd7cdbec4c98d6c5d5eef3ffcec023698') in 0.024576 seconds
Number of updated asset objects reloaded before import = 0
Number of asset objects unloaded after import = 3
========================================================================
Received Import Request.
  Time since last request: 0.000027 seconds.
  path: Assets/Sprites/Hero Knight - Pixel Art/ColorSwap/swap_texture.png
  artifactKey: Guid(5f8c87aa3e6c2aa47bee2ff396a98f2c) Importer(815301076,1909f56bfc062723c751e8b465ee728b)
Start importing Assets/Sprites/Hero Knight - Pixel Art/ColorSwap/swap_texture.png using Guid(5f8c87aa3e6c2aa47bee2ff396a98f2c) Importer(815301076,1909f56bfc062723c751e8b465ee728b)  -> (artifact id: '7504cfe0fbf05cb199c2354f442b00cb') in 0.019178 seconds
Number of updated asset objects reloaded before import = 0
Number of asset objects unloaded after import = 3
========================================================================
Received Import Request.
  Time since last request: 0.000180 seconds.
  path: Assets/Sprites/superpowers-asset-packs-master/prehistoric-platformer/fx/particles/wood-particle-1.png
  artifactKey: Guid(0f2cca8e2178223439ea78e77aadbc31) Importer(815301076,1909f56bfc062723c751e8b465ee728b)
Start importing Assets/Sprites/superpowers-asset-packs-master/prehistoric-platformer/fx/particles/wood-particle-1.png using Guid(0f2cca8e2178223439ea78e77aadbc31) Importer(815301076,1909f56bfc062723c751e8b465ee728b)  -> (artifact id: '73b1682e64f61e4925f3a898de667033') in 0.020574 seconds
Number of updated asset objects reloaded before import = 0
Number of asset objects unloaded after import = 3
========================================================================
Received Import Request.
  Time since last request: 0.000017 seconds.
  path: Assets/Sprites/superpowers-asset-packs-master/space-shooter/hud/health-bar.png
  artifactKey: Guid(0eb7e8b3e1a9a3b45a8017a794abd550) Importer(815301076,1909f56bfc062723c751e8b465ee728b)
Start importing Assets/Sprites/superpowers-asset-packs-master/space-shooter/hud/health-bar.png using Guid(0eb7e8b3e1a9a3b45a8017a794abd550) Importer(815301076,1909f56bfc062723c751e8b465ee728b)  -> (artifact id: '984cec3cd341ee4e525eda8d17a4500a') in 0.020788 seconds
Number of updated asset objects reloaded before import = 0
Number of asset objects unloaded after import = 3
========================================================================
Received Import Request.
  Time since last request: 0.000017 seconds.
  path: Assets/Sprites/superpowers-asset-packs-master/top-down-shooter/characters/robot/head.png
  artifactKey: Guid(073e6a0a497463346b630ad5ef08e3c0) Importer(815301076,1909f56bfc062723c751e8b465ee728b)
Start importing Assets/Sprites/superpowers-asset-packs-master/top-down-shooter/characters/robot/head.png using Guid(073e6a0a497463346b630ad5ef08e3c0) Importer(815301076,1909f56bfc062723c751e8b465ee728b)  -> (artifact id: 'a0de26014901a265c534c1c2e28aea0a') in 0.024948 seconds
Number of updated asset objects reloaded before import = 0
Number of asset objects unloaded after import = 3
========================================================================
Received Import Request.
  Time since last request: 0.000022 seconds.
  path: Assets/Sprites/superpowers-asset-packs-master/prehistoric-platformer/items/1.png
  artifactKey: Guid(774a6182771f2d04ebec602987c7d65e) Importer(815301076,1909f56bfc062723c751e8b465ee728b)
Start importing Assets/Sprites/superpowers-asset-packs-master/prehistoric-platformer/items/1.png using Guid(774a6182771f2d04ebec602987c7d65e) Importer(815301076,1909f56bfc062723c751e8b465ee728b)  -> (artifact id: 'c1915d5c09be80c11253c7a589617a04') in 0.027892 seconds
Number of updated asset objects reloaded before import = 0
Number of asset objects unloaded after import = 3
========================================================================
Received Import Request.
  Time since last request: 0.000021 seconds.
  path: Assets/Sprites/superpowers-asset-packs-master/top-down-shooter/background/window/window-vertical.png
  artifactKey: Guid(60a4f43d57cbe724bb6fb7ad315c42ea) Importer(815301076,1909f56bfc062723c751e8b465ee728b)
Start importing Assets/Sprites/superpowers-asset-packs-master/top-down-shooter/background/window/window-vertical.png using Guid(60a4f43d57cbe724bb6fb7ad315c42ea) Importer(815301076,1909f56bfc062723c751e8b465ee728b)  -> (artifact id: '68f33271242be23e9a16cee929f421ee') in 0.022991 seconds
Number of updated asset objects reloaded before import = 0
Number of asset objects unloaded after import = 3
========================================================================
Received Import Request.
  Time since last request: 0.000018 seconds.
  path: Assets/Sprites/superpowers-asset-packs-master/backgrounds/layers/45.png
  artifactKey: Guid(cc251d9ff70fb984c9ae3c98e232b342) Importer(815301076,1909f56bfc062723c751e8b465ee728b)
Start importing Assets/Sprites/superpowers-asset-packs-master/backgrounds/layers/45.png using Guid(cc251d9ff70fb984c9ae3c98e232b342) Importer(815301076,1909f56bfc062723c751e8b465ee728b)  -> (artifact id: 'c11af21b9e33ef64b984c6137b235a89') in 0.023299 seconds
Number of updated asset objects reloaded before import = 0
Number of asset objects unloaded after import = 3
========================================================================
Received Import Request.
  Time since last request: 0.000021 seconds.
  path: Assets/Sprites/superpowers-asset-packs-master/prehistoric-platformer/fx/particles/wood-particle-5.png
  artifactKey: Guid(6369538f4aacf0d449c6cda6ec2f8367) Importer(815301076,1909f56bfc062723c751e8b465ee728b)
Start importing Assets/Sprites/superpowers-asset-packs-master/prehistoric-platformer/fx/particles/wood-particle-5.png using Guid(6369538f4aacf0d449c6cda6ec2f8367) Importer(815301076,1909f56bfc062723c751e8b465ee728b)  -> (artifact id: 'd9adcfe8c5b7d5fac8726ee501580896') in 0.020715 seconds
Number of updated asset objects reloaded before import = 0
Number of asset objects unloaded after import = 3
========================================================================
Received Import Request.
  Time since last request: 0.000019 seconds.
  path: Assets/Sprites/superpowers-asset-packs-master/backgrounds/backgrounds/12.png
  artifactKey: Guid(82ca5a512d68e314ca7604c506822db2) Importer(815301076,1909f56bfc062723c751e8b465ee728b)
Start importing Assets/Sprites/superpowers-asset-packs-master/backgrounds/backgrounds/12.png using Guid(82ca5a512d68e314ca7604c506822db2) Importer(815301076,1909f56bfc062723c751e8b465ee728b)  -> (artifact id: 'f84aefa7ec8fabc0877f36602398eca6') in 0.045440 seconds
Number of updated asset objects reloaded before import = 0
Number of asset objects unloaded after import = 3
========================================================================
Received Import Request.
  Time since last request: 0.000149 seconds.
  path: Assets/Sprites/superpowers-asset-packs-master/western-fps-2d/background-elements/0-tileset-32x32.png
  artifactKey: Guid(6be2e3e6343b46245ad645cea2553f1f) Importer(815301076,1909f56bfc062723c751e8b465ee728b)
Start importing Assets/Sprites/superpowers-asset-packs-master/western-fps-2d/background-elements/0-tileset-32x32.png using Guid(6be2e3e6343b46245ad645cea2553f1f) Importer(815301076,1909f56bfc062723c751e8b465ee728b)  -> (artifact id: '9831aa338f01b2b9d25d144d91821c8d') in 0.025791 seconds
Number of updated asset objects reloaded before import = 0
Number of asset objects unloaded after import = 3
Editor requested this worker to shutdown with reason: Scaling down because of idle timeout
TcpMessagingSession - receive error: operation aborted. errorcode: 995, details: The I/O operation has been aborted because of either a thread exit or an application request.
AssetImportWorker is now disconnected from the server
Process exiting
Exiting without the bug reporter. Application will terminate with return code 0