Using pre-set license
Built from '2022.3/staging' branch; Version is '2022.3.11f1 (d00248457e15) revision 13632072'; Using compiler version '192829333'; Build Type 'Release'
OS: 'Windows 10  (10.0.19045) 64bit Professional' Language: 'en' Physical Memory: 16241 MB
BatchMode: 1, IsHumanControllingUs: 0, StartBugReporterOnCrash: 0, Is64bit: 1, IsPro: 1

COMMAND LINE ARGUMENTS:
C:\Program Files\Unity\Hub\Editor\2022.3.11f1\Editor\Unity.exe
-adb2
-batchMode
-noUpm
-name
AssetImportWorker3
-projectPath
E:/UnityProject/MonsterSurvival
-logFile
Logs/AssetImportWorker3.log
-srvPort
57521
Successfully changed project path to: E:/UnityProject/MonsterSurvival
E:/UnityProject/MonsterSurvival
[UnityMemory] Configuration Parameters - Can be set up in boot.config
    "memorysetup-bucket-allocator-granularity=16"
    "memorysetup-bucket-allocator-bucket-count=8"
    "memorysetup-bucket-allocator-block-size=33554432"
    "memorysetup-bucket-allocator-block-count=8"
    "memorysetup-main-allocator-block-size=16777216"
    "memorysetup-thread-allocator-block-size=16777216"
    "memorysetup-gfx-main-allocator-block-size=16777216"
    "memorysetup-gfx-thread-allocator-block-size=16777216"
    "memorysetup-cache-allocator-block-size=4194304"
    "memorysetup-typetree-allocator-block-size=2097152"
    "memorysetup-profiler-bucket-allocator-granularity=16"
    "memorysetup-profiler-bucket-allocator-bucket-count=8"
    "memorysetup-profiler-bucket-allocator-block-size=33554432"
    "memorysetup-profiler-bucket-allocator-block-count=8"
    "memorysetup-profiler-allocator-block-size=16777216"
    "memorysetup-profiler-editor-allocator-block-size=1048576"
    "memorysetup-temp-allocator-size-main=16777216"
    "memorysetup-job-temp-allocator-block-size=2097152"
    "memorysetup-job-temp-allocator-block-size-background=1048576"
    "memorysetup-job-temp-allocator-reduction-small-platforms=262144"
    "memorysetup-allocator-temp-initial-block-size-main=262144"
    "memorysetup-allocator-temp-initial-block-size-worker=262144"
    "memorysetup-temp-allocator-size-background-worker=32768"
    "memorysetup-temp-allocator-size-job-worker=262144"
    "memorysetup-temp-allocator-size-preload-manager=33554432"
    "memorysetup-temp-allocator-size-nav-mesh-worker=65536"
    "memorysetup-temp-allocator-size-audio-worker=65536"
    "memorysetup-temp-allocator-size-cloud-worker=32768"
    "memorysetup-temp-allocator-size-gi-baking-worker=262144"
    "memorysetup-temp-allocator-size-gfx=262144"
Player connection [18220] Host "[IP] 192.168.1.25 [Port] 0 [Flags] 2 [Guid] 2729793462 [EditorId] 2729793462 [Version] 1048832 [Id] WindowsEditor(7,MrMinhVu) [Debug] 1 [PackageName] WindowsEditor [ProjectName] Editor" joined multi-casting on [225.0.0.222:54997]...

Player connection [18220] Host "[IP] 192.168.1.25 [Port] 0 [Flags] 2 [Guid] 2729793462 [EditorId] 2729793462 [Version] 1048832 [Id] WindowsEditor(7,MrMinhVu) [Debug] 1 [PackageName] WindowsEditor [ProjectName] Editor" joined alternative multi-casting on [225.0.0.222:34997]...

[Physics::Module] Initialized MultithreadedJobDispatcher with 15 workers.
Refreshing native plugins compatible for Editor in 6.37 ms, found 3 plugins.
Preloading 0 native plugins for Editor in 0.00 ms.
Initialize engine version: 2022.3.11f1 (d00248457e15)
[Subsystems] Discovering subsystems at path C:/Program Files/Unity/Hub/Editor/2022.3.11f1/Editor/Data/Resources/UnitySubsystems
[Subsystems] Discovering subsystems at path E:/UnityProject/MonsterSurvival/Assets
GfxDevice: creating device client; threaded=0; jobified=0
Direct3D:
    Version:  Direct3D 11.0 [level 11.1]
    Renderer: NVIDIA GeForce RTX 3070 (ID=0x2484)
    Vendor:   NVIDIA
    VRAM:     8018 MB
    Driver:   31.0.15.5176
Initialize mono
Mono path[0] = 'C:/Program Files/Unity/Hub/Editor/2022.3.11f1/Editor/Data/Managed'
Mono path[1] = 'C:/Program Files/Unity/Hub/Editor/2022.3.11f1/Editor/Data/MonoBleedingEdge/lib/mono/unityjit-win32'
Mono config path = 'C:/Program Files/Unity/Hub/Editor/2022.3.11f1/Editor/Data/MonoBleedingEdge/etc'
Using monoOptions --debugger-agent=transport=dt_socket,embedding=1,server=y,suspend=n,address=127.0.0.1:56840
Begin MonoManager ReloadAssembly
Registering precompiled unity dll's ...
Register platform support module: C:/Program Files/Unity/Hub/Editor/2022.3.11f1/Editor/Data/PlaybackEngines/WindowsStandaloneSupport/UnityEditor.WindowsStandalone.Extensions.dll
Registered in 0.007517 seconds.
- Loaded All Assemblies, in  0.401 seconds
Native extension for WindowsStandalone target not found
Mono: successfully reloaded assembly
- Finished resetting the current domain, in  0.317 seconds
Domain Reload Profiling: 716ms
	BeginReloadAssembly (129ms)
		ExecutionOrderSort (0ms)
		DisableScriptedObjects (0ms)
		BackupInstance (0ms)
		ReleaseScriptingObjects (0ms)
		CreateAndSetChildDomain (1ms)
	RebuildCommonClasses (39ms)
	RebuildNativeTypeToScriptingClass (13ms)
	initialDomainReloadingComplete (66ms)
	LoadAllAssembliesAndSetupDomain (152ms)
		LoadAssemblies (127ms)
		RebuildTransferFunctionScriptingTraits (0ms)
		AnalyzeDomain (150ms)
			TypeCache.Refresh (148ms)
				TypeCache.ScanAssembly (134ms)
			ScanForSourceGeneratedMonoScriptInfo (0ms)
			ResolveRequiredComponents (1ms)
	FinalizeReload (317ms)
		ReleaseScriptCaches (0ms)
		RebuildScriptCaches (0ms)
		SetupLoadedEditorAssemblies (240ms)
			LogAssemblyErrors (0ms)
			InitializePlatformSupportModulesInManaged (12ms)
			SetLoadedEditorAssemblies (10ms)
			RefreshPlugins (0ms)
			BeforeProcessingInitializeOnLoad (3ms)
			ProcessInitializeOnLoadAttributes (155ms)
			ProcessInitializeOnLoadMethodAttributes (59ms)
			AfterProcessingInitializeOnLoad (0ms)
			EditorAssembliesLoaded (0ms)
		ExecutionOrderSort2 (0ms)
		AwakeInstancesAfterBackupRestoration (0ms)
========================================================================
Worker process is ready to serve import requests
Begin MonoManager ReloadAssembly
- Loaded All Assemblies, in  0.647 seconds
Refreshing native plugins compatible for Editor in 2.71 ms, found 3 plugins.
Native extension for WindowsStandalone target not found
Package Manager log level set to [2]
[Package Manager] Server::EnsureServerProcessIsRunning -- launch failed, reason: Unity was launched with the -noUpm command-line argument
[Package Manager] UpmClient::Send -- Unable to send message (not connected to UPM process).
[Package Manager] Cannot connect to Unity Package Manager local server
Mono: successfully reloaded assembly
- Finished resetting the current domain, in  0.781 seconds
Domain Reload Profiling: 1426ms
	BeginReloadAssembly (173ms)
		ExecutionOrderSort (0ms)
		DisableScriptedObjects (7ms)
		BackupInstance (0ms)
		ReleaseScriptingObjects (0ms)
		CreateAndSetChildDomain (21ms)
	RebuildCommonClasses (37ms)
	RebuildNativeTypeToScriptingClass (13ms)
	initialDomainReloadingComplete (46ms)
	LoadAllAssembliesAndSetupDomain (375ms)
		LoadAssemblies (334ms)
		RebuildTransferFunctionScriptingTraits (0ms)
		AnalyzeDomain (143ms)
			TypeCache.Refresh (119ms)
				TypeCache.ScanAssembly (104ms)
			ScanForSourceGeneratedMonoScriptInfo (19ms)
			ResolveRequiredComponents (4ms)
	FinalizeReload (782ms)
		ReleaseScriptCaches (0ms)
		RebuildScriptCaches (0ms)
		SetupLoadedEditorAssemblies (586ms)
			LogAssemblyErrors (0ms)
			InitializePlatformSupportModulesInManaged (7ms)
			SetLoadedEditorAssemblies (7ms)
			RefreshPlugins (0ms)
			BeforeProcessingInitializeOnLoad (97ms)
			ProcessInitializeOnLoadAttributes (422ms)
			ProcessInitializeOnLoadMethodAttributes (46ms)
			AfterProcessingInitializeOnLoad (7ms)
			EditorAssembliesLoaded (0ms)
		ExecutionOrderSort2 (0ms)
		AwakeInstancesAfterBackupRestoration (8ms)
Launched and connected shader compiler UnityShaderCompiler.exe after 0.13 seconds
Refreshing native plugins compatible for Editor in 1.11 ms, found 3 plugins.
Preloading 0 native plugins for Editor in 0.00 ms.
Unloading 2408 Unused Serialized files (Serialized files now loaded: 0)
Unloading 53 unused Assets / (57.9 KB). Loaded Objects now: 2874.
Memory consumption went from 110.5 MB to 110.4 MB.
Total: 2.176200 ms (FindLiveObjects: 0.125300 ms CreateObjectMapping: 0.050900 ms MarkObjects: 1.913400 ms  DeleteObjects: 0.085800 ms)

AssetImportParameters requested are different than current active one (requested -> active):
  custom:video-decoder-webm-vp8: 9c59270c3fd7afecdb556c50c9e8de78 -> 
  custom:SearchIndexIgnoredProperties: e643bd26f0fe6173181afceb89e7c659 -> 
  custom:container-demuxer-ogg: 62fdf1f143b41e24485cea50d1cbac27 -> 
  custom:AudioImporter_EditorPlatform: d09bf68614088b80899f8185d706f6e7 -> 
  custom:video-decoder-ogg-theora: a1e56fd34408186e4bbccfd4996cb3dc -> 
  custom:framework-win-MediaFoundation: 216162199b28c13a410421893ffa2e32 -> 
  custom:video-encoder-webm-vp8: eb34c28f22e8b96e1ab97ce403110664 -> 
  custom:audio-decoder-ogg-vorbis: bf7c407c2cedff20999df2af8eb42d56 -> 
  custom:CustomObjectIndexerAttribute: 756ad292c208cfabdd7b50bc23989ffe -> 
  custom:container-demuxer-webm: 4f35f7cbe854078d1ac9338744f61a02 -> 
  custom:audio-encoder-webm-vorbis: bf7c407c2cedff20999df2af8eb42d56 -> 
  custom:container-muxer-webm: aa71ff27fc2769a1b78a27578f13a17b -> 
========================================================================
Received Import Request.
  Time since last request: 985496.651754 seconds.
  path: Assets/Sprites/superpowers-asset-packs-master/prehistoric-platformer/characters/playable/caverman-2.png
  artifactKey: Guid(c232e7a83718f2f4e9b195a9d144ccbc) Importer(815301076,1909f56bfc062723c751e8b465ee728b)
Start importing Assets/Sprites/superpowers-asset-packs-master/prehistoric-platformer/characters/playable/caverman-2.png using Guid(c232e7a83718f2f4e9b195a9d144ccbc) Importer(815301076,1909f56bfc062723c751e8b465ee728b)  -> (artifact id: '39f337031014b7b7b083c0b33673d271') in 0.172927 seconds
Number of updated asset objects reloaded before import = 0
Number of asset objects unloaded after import = 3
========================================================================
Received Import Request.
  Time since last request: 11.083185 seconds.
  path: Assets/Sprites/superpowers-asset-packs-master/prehistoric-platformer/characters/npc/boy-1-preview.gif
  artifactKey: Guid(55b2fc91be4635843a03a5c517e1c9a1) Importer(815301076,1909f56bfc062723c751e8b465ee728b)
Start importing Assets/Sprites/superpowers-asset-packs-master/prehistoric-platformer/characters/npc/boy-1-preview.gif using Guid(55b2fc91be4635843a03a5c517e1c9a1) Importer(815301076,1909f56bfc062723c751e8b465ee728b)  -> (artifact id: 'd9cc76b3ad203b8e1d444801eaef9459') in 0.041192 seconds
Number of updated asset objects reloaded before import = 0
Number of asset objects unloaded after import = 3
========================================================================
Received Import Request.
  Time since last request: 0.000020 seconds.
  path: Assets/Sprites/superpowers-asset-packs-master/prehistoric-platformer/characters/npc/boy-3.png
  artifactKey: Guid(a1db0050390071946854ac729425cb17) Importer(815301076,1909f56bfc062723c751e8b465ee728b)
Start importing Assets/Sprites/superpowers-asset-packs-master/prehistoric-platformer/characters/npc/boy-3.png using Guid(a1db0050390071946854ac729425cb17) Importer(815301076,1909f56bfc062723c751e8b465ee728b)  -> (artifact id: '07feeb296f62bbaf9457c192a2fdc75c') in 0.041506 seconds
Number of updated asset objects reloaded before import = 0
Number of asset objects unloaded after import = 3
========================================================================
Received Import Request.
  Time since last request: 0.000017 seconds.
  path: Assets/Sprites/superpowers-asset-packs-master/prehistoric-platformer/characters/npc/boy-2-preview.gif
  artifactKey: Guid(c84b6caecd2fbb44a93e164eeffce72a) Importer(815301076,1909f56bfc062723c751e8b465ee728b)
Start importing Assets/Sprites/superpowers-asset-packs-master/prehistoric-platformer/characters/npc/boy-2-preview.gif using Guid(c84b6caecd2fbb44a93e164eeffce72a) Importer(815301076,1909f56bfc062723c751e8b465ee728b)  -> (artifact id: 'd8dc40e15c2f3f904137c50556f5b5d8') in 0.039876 seconds
Number of updated asset objects reloaded before import = 0
Number of asset objects unloaded after import = 3
========================================================================
Received Import Request.
  Time since last request: 0.000016 seconds.
  path: Assets/Sprites/superpowers-asset-packs-master/prehistoric-platformer/characters/npc/hunter-preview.gif
  artifactKey: Guid(bd9a7971a5b6e8b4493ab382b6e7f37a) Importer(815301076,1909f56bfc062723c751e8b465ee728b)
Start importing Assets/Sprites/superpowers-asset-packs-master/prehistoric-platformer/characters/npc/hunter-preview.gif using Guid(bd9a7971a5b6e8b4493ab382b6e7f37a) Importer(815301076,1909f56bfc062723c751e8b465ee728b)  -> (artifact id: 'fee528e1f380eddeeccbb6c2181df789') in 0.049545 seconds
Number of updated asset objects reloaded before import = 0
Number of asset objects unloaded after import = 3
========================================================================
Received Import Request.
  Time since last request: 0.000018 seconds.
  path: Assets/Sprites/superpowers-asset-packs-master/prehistoric-platformer/characters/npc/warrior.png
  artifactKey: Guid(ab178ea87f15d1f469bec431277b1ea0) Importer(815301076,1909f56bfc062723c751e8b465ee728b)
Start importing Assets/Sprites/superpowers-asset-packs-master/prehistoric-platformer/characters/npc/warrior.png using Guid(ab178ea87f15d1f469bec431277b1ea0) Importer(815301076,1909f56bfc062723c751e8b465ee728b)  -> (artifact id: '08397abf3beb3e5797ee64e0a004add2') in 0.048586 seconds
Number of updated asset objects reloaded before import = 0
Number of asset objects unloaded after import = 3
========================================================================
Received Import Request.
  Time since last request: 0.000027 seconds.
  path: Assets/Sprites/superpowers-asset-packs-master/prehistoric-platformer/characters/npc/hunter.png
  artifactKey: Guid(bd86cf365c22a09498b47516002018fc) Importer(815301076,1909f56bfc062723c751e8b465ee728b)
Start importing Assets/Sprites/superpowers-asset-packs-master/prehistoric-platformer/characters/npc/hunter.png using Guid(bd86cf365c22a09498b47516002018fc) Importer(815301076,1909f56bfc062723c751e8b465ee728b)  -> (artifact id: '0f5bc8db47a3259e3174a33292f0a93a') in 0.042830 seconds
Number of updated asset objects reloaded before import = 0
Number of asset objects unloaded after import = 3
========================================================================
Received Import Request.
  Time since last request: 9.367895 seconds.
  path: Assets/Sprites/superpowers-asset-packs-master/prehistoric-platformer/monsters/dragon-2.png
  artifactKey: Guid(93d89f7a4910c154fa6362630417ffdd) Importer(815301076,1909f56bfc062723c751e8b465ee728b)
Start importing Assets/Sprites/superpowers-asset-packs-master/prehistoric-platformer/monsters/dragon-2.png using Guid(93d89f7a4910c154fa6362630417ffdd) Importer(815301076,1909f56bfc062723c751e8b465ee728b)  -> (artifact id: 'c2e80b8546f19b5bed1461b6efba2747') in 0.039017 seconds
Number of updated asset objects reloaded before import = 0
Number of asset objects unloaded after import = 3
========================================================================
Received Import Request.
  Time since last request: 0.000023 seconds.
  path: Assets/Sprites/superpowers-asset-packs-master/prehistoric-platformer/monsters/lizard-2.png
  artifactKey: Guid(646c9dce225511e48b6fd604b43df6e2) Importer(815301076,1909f56bfc062723c751e8b465ee728b)
Start importing Assets/Sprites/superpowers-asset-packs-master/prehistoric-platformer/monsters/lizard-2.png using Guid(646c9dce225511e48b6fd604b43df6e2) Importer(815301076,1909f56bfc062723c751e8b465ee728b)  -> (artifact id: '3a094bb1cb6ef8d8713ddefbbc7e17f4') in 0.068276 seconds
Number of updated asset objects reloaded before import = 0
Number of asset objects unloaded after import = 3
========================================================================
Received Import Request.
  Time since last request: 0.000030 seconds.
  path: Assets/Sprites/superpowers-asset-packs-master/prehistoric-platformer/monsters/plant-2.png
  artifactKey: Guid(1e311420e4e6e3e4bb0d472dbc2eccad) Importer(815301076,1909f56bfc062723c751e8b465ee728b)
Start importing Assets/Sprites/superpowers-asset-packs-master/prehistoric-platformer/monsters/plant-2.png using Guid(1e311420e4e6e3e4bb0d472dbc2eccad) Importer(815301076,1909f56bfc062723c751e8b465ee728b)  -> (artifact id: '3b159e0ab9535f788db940ebf1f37871') in 0.063688 seconds
Number of updated asset objects reloaded before import = 0
Number of asset objects unloaded after import = 3
========================================================================
Received Import Request.
  Time since last request: 0.000017 seconds.
  path: Assets/Sprites/superpowers-asset-packs-master/prehistoric-platformer/monsters/pterodactyl-2.png
  artifactKey: Guid(f4bda44de881c8d4683c9b20c4a60e8e) Importer(815301076,1909f56bfc062723c751e8b465ee728b)
Start importing Assets/Sprites/superpowers-asset-packs-master/prehistoric-platformer/monsters/pterodactyl-2.png using Guid(f4bda44de881c8d4683c9b20c4a60e8e) Importer(815301076,1909f56bfc062723c751e8b465ee728b)  -> (artifact id: '933ec457de64a1d920e567fc5ac037a2') in 0.041371 seconds
Number of updated asset objects reloaded before import = 0
Number of asset objects unloaded after import = 3
Editor requested this worker to shutdown with reason: Scaling down because of idle timeout
TcpMessagingSession - receive error: operation aborted. errorcode: 995, details: The I/O operation has been aborted because of either a thread exit or an application request.
AssetImportWorker is now disconnected from the server
Process exiting
Exiting without the bug reporter. Application will terminate with return code 0